  main05.c
d:\code\c提高\day05\main05.c(37): warning C4098: “printSpolle”:“void”函数返回值
d:\code\c提高\day05\main05.c(33): warning C4996: 'fopen': This function or variable may be unsafe. Consider using fopen_s instead. To disable deprecation, use _CRT_SECURE_NO_WARNINGS. See online help for details.
  c:\program files (x86)\windows kits\10\include\10.0.14393.0\ucrt\stdio.h(207): note: 参见“fopen”的声明
d:\code\c提高\day05\main05.c(68): warning C4996: 'scanf': This function or variable may be unsafe. Consider using scanf_s instead. To disable deprecation, use _CRT_SECURE_NO_WARNINGS. See online help for details.
  c:\program files (x86)\windows kits\10\include\10.0.14393.0\ucrt\stdio.h(1269): note: 参见“scanf”的声明
d:\code\c提高\day05\main05.c(80): warning C4996: 'sprintf': This function or variable may be unsafe. Consider using sprintf_s instead. To disable deprecation, use _CRT_SECURE_NO_WARNINGS. See online help for details.
  c:\program files (x86)\windows kits\10\include\10.0.14393.0\ucrt\stdio.h(1769): note: 参见“sprintf”的声明
d:\code\c提高\day05\main05.c(110): warning C4996: 'scanf': This function or variable may be unsafe. Consider using scanf_s instead. To disable deprecation, use _CRT_SECURE_NO_WARNINGS. See online help for details.
  c:\program files (x86)\windows kits\10\include\10.0.14393.0\ucrt\stdio.h(1269): note: 参见“scanf”的声明
d:\code\c提高\day05\main05.c(132): warning C4996: 'fopen': This function or variable may be unsafe. Consider using fopen_s instead. To disable deprecation, use _CRT_SECURE_NO_WARNINGS. See online help for details.
  c:\program files (x86)\windows kits\10\include\10.0.14393.0\ucrt\stdio.h(207): note: 参见“fopen”的声明
d:\code\c提高\day05\main05.c(159): warning C4996: 'scanf': This function or variable may be unsafe. Consider using scanf_s instead. To disable deprecation, use _CRT_SECURE_NO_WARNINGS. See online help for details.
  c:\program files (x86)\windows kits\10\include\10.0.14393.0\ucrt\stdio.h(1269): note: 参见“scanf”的声明
d:\code\c提高\day05\main05.c(193): warning C4996: 'fopen': This function or variable may be unsafe. Consider using fopen_s instead. To disable deprecation, use _CRT_SECURE_NO_WARNINGS. See online help for details.
  c:\program files (x86)\windows kits\10\include\10.0.14393.0\ucrt\stdio.h(207): note: 参见“fopen”的声明
d:\code\c提高\day05\main05.c(222): warning C4996: 'strcpy': This function or variable may be unsafe. Consider using strcpy_s instead. To disable deprecation, use _CRT_SECURE_NO_WARNINGS. See online help for details.
  c:\program files (x86)\windows kits\10\include\10.0.14393.0\ucrt\string.h(129): note: 参见“strcpy”的声明
  day05.vcxproj -> D:\code\C提高\Debug\day05.exe
  day05.vcxproj -> D:\code\C提高\Debug\day05.pdb (Partial PDB)
